[0.012s] Invoking command in '/home/williamfbx/SLAM/slam_ws/build/localization': CMAKE_PREFIX_PATH=/opt/ros/humble /usr/bin/cmake --build /home/williamfbx/SLAM/slam_ws/build/localization -- -j12 -l12
[0.090s] [35m[1mConsolidate compiler generated dependencies of target localization_node[0m
[0.114s] [ 33%] [32mBuilding CXX object CMakeFiles/localization_node.dir/src/localization.cpp.o[0m
[0.114s] [ 66%] [32mBuilding CXX object CMakeFiles/localization_node.dir/src/localization_node.cpp.o[0m
[1.793s] In file included from [01m[K/home/williamfbx/SLAM/slam_ws/src/localization/src/localization_node.cpp:1[m[K:
[1.793s] [01m[K/home/williamfbx/SLAM/slam_ws/src/localization/include/localization/localization.hpp:13:48:[m[K [01;31m[Kerror: [m[Kâ€˜[01m[KImage[m[Kâ€™ is not a member of â€˜[01m[Ksensor_msgs::msg[m[Kâ€™
[1.793s]    13 |         rclcpp::Subscription<sensor_msgs::msg::[01;31m[KImage[m[K>::SharedPtr camera_subscriber_;
[1.793s]       |                                                [01;31m[K^~~~~[m[K
[1.793s] [01m[K/home/williamfbx/SLAM/slam_ws/src/localization/include/localization/localization.hpp:13:53:[m[K [01;31m[Kerror: [m[Ktemplate argument 1 is invalid
[1.793s]    13 |         rclcpp::Subscription<sensor_msgs::msg::Image[01;31m[K>[m[K::SharedPtr camera_subscriber_;
[1.793s]       |                                                     [01;31m[K^[m[K
[1.793s] [01m[K/home/williamfbx/SLAM/slam_ws/src/localization/include/localization/localization.hpp:13:53:[m[K [01;31m[Kerror: [m[Ktemplate argument 3 is invalid
[1.793s] [01m[K/home/williamfbx/SLAM/slam_ws/src/localization/include/localization/localization.hpp:13:53:[m[K [01;31m[Kerror: [m[Ktemplate argument 4 is invalid
[1.793s] [01m[K/home/williamfbx/SLAM/slam_ws/src/localization/include/localization/localization.hpp:13:53:[m[K [01;31m[Kerror: [m[Ktemplate argument 5 is invalid
[1.793s] [01m[K/home/williamfbx/SLAM/slam_ws/src/localization/include/localization/localization.hpp:13:56:[m[K [01;31m[Kerror: [m[Kexpected â€˜[01m[K;[m[Kâ€™ at end of member declaration
[1.793s]    13 |         rclcpp::Subscription<sensor_msgs::msg::Image>::[01;31m[KSharedPtr[m[K camera_subscriber_;
[1.793s]       |                                                        [01;31m[K^~~~~~~~~[m[K
[1.793s]       |                                                                 [32m[K;[m[K
[1.795s] [01m[K/home/williamfbx/SLAM/slam_ws/src/localization/include/localization/localization.hpp:13:66:[m[K [01;31m[Kerror: [m[Kâ€˜[01m[Kcamera_subscriber_[m[Kâ€™ does not name a type
[1.795s]    13 |         rclcpp::Subscription<sensor_msgs::msg::Image>::SharedPtr [01;31m[Kcamera_subscriber_[m[K;
[1.795s]       |                                                                  [01;31m[K^~~~~~~~~~~~~~~~~~[m[K
[1.795s] [01m[K/home/williamfbx/SLAM/slam_ws/src/localization/include/localization/localization.hpp:19:52:[m[K [01;31m[Kerror: [m[Kâ€˜[01m[KImage[m[Kâ€™ in namespace â€˜[01m[Ksensor_msgs::msg[m[Kâ€™ does not name a type
[1.795s]    19 |         void imageCallback(const sensor_msgs::msg::[01;31m[KImage[m[K::SharedPtr );
[1.795s]       |                                                    [01;31m[K^~~~~[m[K
[1.795s] [01m[K/home/williamfbx/SLAM/slam_ws/src/localization/include/localization/localization.hpp:19:69:[m[K [01;31m[Kerror: [m[Kexpected unqualified-id before â€˜[01m[K)[m[Kâ€™ token
[1.795s]    19 |         void imageCallback(const sensor_msgs::msg::Image::SharedPtr [01;31m[K)[m[K;
[1.795s]       |                                                                     [01;31m[K^[m[K
[1.834s] In file included from [01m[K/home/williamfbx/SLAM/slam_ws/src/localization/src/localization.cpp:1[m[K:
[1.834s] [01m[K/home/williamfbx/SLAM/slam_ws/src/localization/include/localization/localization.hpp:13:48:[m[K [01;31m[Kerror: [m[Kâ€˜[01m[KImage[m[Kâ€™ is not a member of â€˜[01m[Ksensor_msgs::msg[m[Kâ€™
[1.834s]    13 |         rclcpp::Subscription<sensor_msgs::msg::[01;31m[KImage[m[K>::SharedPtr camera_subscriber_;
[1.834s]       |                                                [01;31m[K^~~~~[m[K
[1.834s] [01m[K/home/williamfbx/SLAM/slam_ws/src/localization/include/localization/localization.hpp:13:53:[m[K [01;31m[Kerror: [m[Ktemplate argument 1 is invalid
[1.834s]    13 |         rclcpp::Subscription<sensor_msgs::msg::Image[01;31m[K>[m[K::SharedPtr camera_subscriber_;
[1.834s]       |                                                     [01;31m[K^[m[K
[1.834s] [01m[K/home/williamfbx/SLAM/slam_ws/src/localization/include/localization/localization.hpp:13:53:[m[K [01;31m[Kerror: [m[Ktemplate argument 3 is invalid
[1.834s] [01m[K/home/williamfbx/SLAM/slam_ws/src/localization/include/localization/localization.hpp:13:53:[m[K [01;31m[Kerror: [m[Ktemplate argument 4 is invalid
[1.834s] [01m[K/home/williamfbx/SLAM/slam_ws/src/localization/include/localization/localization.hpp:13:53:[m[K [01;31m[Kerror: [m[Ktemplate argument 5 is invalid
[1.834s] [01m[K/home/williamfbx/SLAM/slam_ws/src/localization/include/localization/localization.hpp:13:56:[m[K [01;31m[Kerror: [m[Kexpected â€˜[01m[K;[m[Kâ€™ at end of member declaration
[1.834s]    13 |         rclcpp::Subscription<sensor_msgs::msg::Image>::[01;31m[KSharedPtr[m[K camera_subscriber_;
[1.834s]       |                                                        [01;31m[K^~~~~~~~~[m[K
[1.834s]       |                                                                 [32m[K;[m[K
[1.836s] [01m[K/home/williamfbx/SLAM/slam_ws/src/localization/include/localization/localization.hpp:13:66:[m[K [01;31m[Kerror: [m[Kâ€˜[01m[Kcamera_subscriber_[m[Kâ€™ does not name a type
[1.836s]    13 |    rclcpp::Subscription<sensor_msgs::msg::Image>::SharedPtr [01;31m[Kcamera_subscriber_[m[K;
[1.836s]       |                                                             [01;31m[K^~~~~~~~~~~~~~~~~~[m[K
[1.837s] 
[1.837s] [01m[K/home/williamfbx/SLAM/slam_ws/src/localization/include/localization/localization.hpp:19:52:[m[K [01;31m[Kerror: [m[Kâ€˜[01m[KImage[m[Kâ€™ in namespace â€˜[01m[Ksensor_msgs::msg[m[Kâ€™ does not name a type
[1.837s]    19 |         void imageCallback(const sensor_msgs::msg::[01;31m[KImage[m[K::SharedPtr );
[1.837s]       |                                                    [01;31m[K^~~~~[m[K
[1.837s] [01m[K/home/williamfbx/SLAM/slam_ws/src/localization/include/localization/localization.hpp:19:69:[m[K [01;31m[Kerror: [m[Kexpected unqualified-id before â€˜[01m[K)[m[Kâ€™ token
[1.837s]    19 |         void imageCallback(const sensor_msgs::msg::Image::SharedPtr [01;31m[K)[m[K;
[1.837s]       |                                                                     [01;31m[K^[m[K
[1.844s] [01m[K/home/williamfbx/SLAM/slam_ws/src/localization/src/localization.cpp:[m[K In member function â€˜[01m[Kvoid Localization::setupCommunications()[m[Kâ€™:
[1.844s] [01m[K/home/williamfbx/SLAM/slam_ws/src/localization/src/localization.cpp:14:5:[m[K [01;31m[Kerror: [m[Kâ€˜[01m[Kcamera_subscriber_[m[Kâ€™ was not declared in this scope; did you mean â€˜[01m[Kcount_subscribers[m[Kâ€™?
[1.844s]    14 |     [01;31m[Kcamera_subscriber_[m[K = this->create_subscription<sensor_msgs::msg::Image>("camera/camera/color/image_raw", 10,
[1.844s]       |     [01;31m[K^~~~~~~~~~~~~~~~~~[m[K
[1.844s]       |     [32m[Kcount_subscribers[m[K
[1.844s] [01m[K/home/williamfbx/SLAM/slam_ws/src/localization/src/localization.cpp:14:70:[m[K [01;31m[Kerror: [m[Kâ€˜[01m[KImage[m[Kâ€™ is not a member of â€˜[01m[Ksensor_msgs::msg[m[Kâ€™
[1.844s]    14 | a_subscriber_ = this->create_subscription<sensor_msgs::msg::[01;31m[KImage[m[K>("camera/camera/color/image_raw", 10,
[1.844s]       |                                                             [01;31m[K^~~~~[m[K
[1.844s] 
[1.844s] [01m[K/home/williamfbx/SLAM/slam_ws/src/localization/src/localization.cpp:15:20:[m[K [01;31m[Kerror: [m[Kâ€˜[01m[KPointCloudHandler[m[Kâ€™ has not been declared
[1.844s]    15 |         std::bind(&[01;31m[KPointCloudHandler[m[K::imageCallback, this, std::placeholders::_1));
[1.844s]       |                    [01;31m[K^~~~~~~~~~~~~~~~~[m[K
[1.844s] [01m[K/home/williamfbx/SLAM/slam_ws/src/localization/src/localization.cpp:[m[K At global scope:
[1.844s] [01m[K/home/williamfbx/SLAM/slam_ws/src/localization/src/localization.cpp:22:58:[m[K [01;31m[Kerror: [m[Kâ€˜[01m[KImage[m[Kâ€™ in namespace â€˜[01m[Ksensor_msgs::msg[m[Kâ€™ does not name a type
[1.844s]    22 | void Localization::imageCallback(const sensor_msgs::msg::[01;31m[KImage[m[K::SharedPtr msg){
[1.844s]       |                                                          [01;31m[K^~~~~[m[K
[1.844s] [01m[K/home/williamfbx/SLAM/slam_ws/src/localization/src/localization.cpp:22:75:[m[K [01;31m[Kerror: [m[Kexpected unqualified-id before â€˜[01m[Kmsg[m[Kâ€™
[1.844s]    22 | alization::imageCallback(const sensor_msgs::msg::Image::SharedPtr [01;31m[Kmsg[m[K){
[1.844s]       |                                                                   [01;31m[K^~~[m[K
[1.844s] 
[1.845s] [01m[K/home/williamfbx/SLAM/slam_ws/src/localization/src/localization.cpp:22:74:[m[K [01;31m[Kerror: [m[Kexpected â€˜[01m[K)[m[Kâ€™ before â€˜[01m[Kmsg[m[Kâ€™
[1.845s]    22 | alization::imageCallback[34m[K([m[Kconst sensor_msgs::msg::Image::SharedPtr[01;31m[K [m[K[32m[Kmsg[m[K){
[1.845s]       |                         [34m[K~[m[K                                        [01;31m[K^[m[K[32m[K~~~[m[K
[1.845s]       |                                                                  [32m[K)[m[K
[1.845s] [01m[K/home/williamfbx/SLAM/slam_ws/src/localization/src/localization.cpp:22:75:[m[K [01;31m[Kerror: [m[Kexpected initializer before â€˜[01m[Kmsg[m[Kâ€™
[1.845s]    22 | alization::imageCallback(const sensor_msgs::msg::Image::SharedPtr [01;31m[Kmsg[m[K){
[1.845s]       |                                                                   [01;31m[K^~~[m[K
[1.845s] 
[2.119s] gmake[2]: *** [CMakeFiles/localization_node.dir/build.make:90: CMakeFiles/localization_node.dir/src/localization_node.cpp.o] Error 1
[2.119s] gmake[2]: *** Waiting for unfinished jobs....
[2.158s] gmake[2]: *** [CMakeFiles/localization_node.dir/build.make:76: CMakeFiles/localization_node.dir/src/localization.cpp.o] Error 1
[2.158s] gmake[1]: *** [CMakeFiles/Makefile2:137: CMakeFiles/localization_node.dir/all] Error 2
[2.158s] gmake: *** [Makefile:146: all] Error 2
[2.160s] Invoked command in '/home/williamfbx/SLAM/slam_ws/build/localization' returned '2': CMAKE_PREFIX_PATH=/opt/ros/humble /usr/bin/cmake --build /home/williamfbx/SLAM/slam_ws/build/localization -- -j12 -l12
