[0.013s] Invoking command in '/home/williamfbx/SLAM/slam_ws/build/localization': CMAKE_PREFIX_PATH=/opt/ros/humble /usr/bin/cmake --build /home/williamfbx/SLAM/slam_ws/build/localization -- -j12 -l12
[0.042s] [35m[1mConsolidate compiler generated dependencies of target localization_node[0m
[0.067s] [ 33%] [32mBuilding CXX object CMakeFiles/localization_node.dir/src/localization.cpp.o[0m
[0.067s] [ 66%] [32mBuilding CXX object CMakeFiles/localization_node.dir/src/localization_node.cpp.o[0m
[1.769s] [01m[K/home/williamfbx/SLAM/slam_ws/src/localization/src/localization.cpp:[m[K In member function â€˜[01m[Kvoid Localization::setupCommunications()[m[Kâ€™:
[1.770s] [01m[K/home/williamfbx/SLAM/slam_ws/src/localization/src/localization.cpp:15:20:[m[K [01;31m[Kerror: [m[Kâ€˜[01m[KPointCloudHandler[m[Kâ€™ has not been declared
[1.770s]    15 |         std::bind(&[01;31m[KPointCloudHandler[m[K::imageCallback, this, std::placeholders::_1));
[1.770s]       |                    [01;31m[K^~~~~~~~~~~~~~~~~[m[K
[1.773s] [01m[K/home/williamfbx/SLAM/slam_ws/src/localization/src/localization.cpp:[m[K In member function â€˜[01m[Kvoid Localization::imageCallback(sensor_msgs::msg::Image_<std::allocator<void> >::SharedPtr)[m[Kâ€™:
[1.773s] [01m[K/home/williamfbx/SLAM/slam_ws/src/localization/src/localization.cpp:22:75:[m[K [01;35m[Kwarning: [m[Kunused parameter â€˜[01m[Kmsg[m[Kâ€™ [[01;35m[K]8;;https://gcc.gnu.org/onlinedocs/gcc/Warning-Options.html#index-Wunused-parameter-Wunused-parameter]8;;[m[K]
[1.773s]    22 | alization::imageCallback([01;35m[Kconst sensor_msgs::msg::Image::SharedPtr msg[m[K){
[1.773s]       |                          [01;35m[K~~~~~~~~~~~~~~~~~~~~~~~~~~~~~~~~~~~~~~~~~^~~[m[K
[1.773s] 
[2.087s] gmake[2]: *** [CMakeFiles/localization_node.dir/build.make:76: CMakeFiles/localization_node.dir/src/localization.cpp.o] Error 1
[2.087s] gmake[2]: *** Waiting for unfinished jobs....
[2.157s] gmake[1]: *** [CMakeFiles/Makefile2:137: CMakeFiles/localization_node.dir/all] Error 2
[2.157s] gmake: *** [Makefile:146: all] Error 2
[2.159s] Invoked command in '/home/williamfbx/SLAM/slam_ws/build/localization' returned '2': CMAKE_PREFIX_PATH=/opt/ros/humble /usr/bin/cmake --build /home/williamfbx/SLAM/slam_ws/build/localization -- -j12 -l12
