[0.033s] Invoking command in '/home/williamfbx/SLAM/slam_ws/build/kindr_msgs': CMAKE_PREFIX_PATH=${CMAKE_PREFIX_PATH}:/opt/ros/humble /usr/bin/cmake /home/williamfbx/SLAM/slam_ws/src/drivers/kindr_ros/kindr_msgs -DCMAKE_INSTALL_PREFIX=/home/williamfbx/SLAM/slam_ws/install/kindr_msgs
[0.134s] -- The C compiler identification is GNU 11.4.0
[0.193s] -- The CXX compiler identification is GNU 11.4.0
[0.201s] -- Detecting C compiler ABI info
[0.262s] -- Detecting C compiler ABI info - done
[0.271s] -- Check for working C compiler: /usr/bin/cc - skipped
[0.271s] -- Detecting C compile features
[0.271s] -- Detecting C compile features - done
[0.275s] -- Detecting CXX compiler ABI info
[0.344s] -- Detecting CXX compiler ABI info - done
[0.349s] -- Check for working CXX compiler: /usr/bin/c++ - skipped
[0.349s] -- Detecting CXX compile features
[0.349s] -- Detecting CXX compile features - done
[0.352s] -- Found ament_cmake_auto: 1.3.11 (/opt/ros/humble/share/ament_cmake_auto/cmake)
[0.526s] -- Found Python3: /usr/bin/python3 (found version "3.10.12") found components: Interpreter 
[0.668s] -- Using all available rosidl_typesupport_c: rosidl_typesupport_fastrtps_c;rosidl_typesupport_introspection_c
[0.676s] -- Found rosidl_adapter: 3.1.6 (/opt/ros/humble/share/rosidl_adapter/cmake)
[0.715s] -- Using all available rosidl_typesupport_cpp: rosidl_typesupport_fastrtps_cpp;rosidl_typesupport_introspection_cpp
[0.974s] -- Found ament_cmake_cppcheck: 0.12.11 (/opt/ros/humble/share/ament_cmake_cppcheck/cmake)
[0.977s] -- Found ament_cmake_cpplint: 0.12.11 (/opt/ros/humble/share/ament_cmake_cpplint/cmake)
[0.985s] -- Found ament_cmake_uncrustify: 0.12.11 (/opt/ros/humble/share/ament_cmake_uncrustify/cmake)
[0.988s] -- Found ament_cmake_ros: 0.10.0 (/opt/ros/humble/share/ament_cmake_ros/cmake)
[1.178s] -- Using all available rosidl_typesupport_c: rosidl_typesupport_fastrtps_c;rosidl_typesupport_introspection_c
[1.374s] -- Using all available rosidl_typesupport_cpp: rosidl_typesupport_fastrtps_cpp;rosidl_typesupport_introspection_cpp
[1.393s] -- Found PythonInterp: /usr/bin/python3 (found suitable version "3.10.12", minimum required is "3.6") 
[1.396s] -- Found python_cmake_module: 0.10.0 (/opt/ros/humble/share/python_cmake_module/cmake)
[1.416s] -- Found PythonLibs: /usr/lib/x86_64-linux-gnu/libpython3.10.so (found suitable version "3.10.12", minimum required is "3.5") 
[1.416s] -- Using PYTHON_EXECUTABLE: /usr/bin/python3
[1.416s] -- Using PYTHON_INCLUDE_DIRS: /usr/include/python3.10
[1.416s] -- Using PYTHON_LIBRARIES: /usr/lib/x86_64-linux-gnu/libpython3.10.so
[1.434s] -- Found PythonExtra: .so  
[1.464s] -- Found ament_cmake_flake8: 0.12.11 (/opt/ros/humble/share/ament_cmake_flake8/cmake)
[1.466s] -- Found ament_cmake_pep257: 0.12.11 (/opt/ros/humble/share/ament_cmake_pep257/cmake)
[1.469s] -- Found ament_lint_auto: 0.12.11 (/opt/ros/humble/share/ament_lint_auto/cmake)
[1.474s] -- Configuring done
[1.490s] -- Generating done
[1.495s] -- Build files have been written to: /home/williamfbx/SLAM/slam_ws/build/kindr_msgs
[1.502s] Invoked command in '/home/williamfbx/SLAM/slam_ws/build/kindr_msgs' returned '0': CMAKE_PREFIX_PATH=${CMAKE_PREFIX_PATH}:/opt/ros/humble /usr/bin/cmake /home/williamfbx/SLAM/slam_ws/src/drivers/kindr_ros/kindr_msgs -DCMAKE_INSTALL_PREFIX=/home/williamfbx/SLAM/slam_ws/install/kindr_msgs
[1.504s] Invoking command in '/home/williamfbx/SLAM/slam_ws/build/kindr_msgs': CMAKE_PREFIX_PATH=${CMAKE_PREFIX_PATH}:/opt/ros/humble /usr/bin/cmake --build /home/williamfbx/SLAM/slam_ws/build/kindr_msgs -- -j12 -l12
[1.546s] [  3%] [34m[1mGenerating C code for ROS interfaces[0m
[1.556s] [  3%] Built target ament_cmake_python_copy_kindr_msgs
[1.559s] [  6%] [34m[1mGenerating C++ code for ROS interfaces[0m
[1.723s] running egg_info
[1.723s] creating kindr_msgs.egg-info
[1.723s] writing kindr_msgs.egg-info/PKG-INFO
[1.724s] writing dependency_links to kindr_msgs.egg-info/dependency_links.txt
[1.724s] writing top-level names to kindr_msgs.egg-info/top_level.txt
[1.724s] writing manifest file 'kindr_msgs.egg-info/SOURCES.txt'
[1.725s] reading manifest file 'kindr_msgs.egg-info/SOURCES.txt'
[1.725s] writing manifest file 'kindr_msgs.egg-info/SOURCES.txt'
[1.750s] [  6%] Built target ament_cmake_python_build_kindr_msgs_egg
[1.783s] [  6%] Built target kindr_msgs__cpp
[1.791s] [  9%] [34m[1mGenerating C++ introspection for ROS interfaces[0m
[1.792s] [ 16%] [34m[1mGenerating C++ type support for eProsima Fast-RTPS[0m
[1.792s] [ 16%] [34m[1mGenerating C++ type support dispatch for ROS interfaces[0m
[1.799s] [ 19%] [32mBuilding C object CMakeFiles/kindr_msgs__rosidl_generator_c.dir/rosidl_generator_c/kindr_msgs/msg/detail/vector_at_position__functions.c.o[0m
[1.814s] In file included from [01m[K/home/williamfbx/SLAM/slam_ws/build/kindr_msgs/rosidl_generator_c/kindr_msgs/msg/detail/vector_at_position__functions.h:19[m[K,
[1.814s]                  from [01m[K/home/williamfbx/SLAM/slam_ws/build/kindr_msgs/rosidl_generator_c/kindr_msgs/msg/detail/vector_at_position__functions.c:4[m[K:
[1.815s] [01m[K/home/williamfbx/SLAM/slam_ws/build/kindr_msgs/rosidl_generator_c/kindr_msgs/msg/detail/vector_at_position__struct.h:94:10:[m[K [01;31m[Kfatal error: [m[Kstd_msgs/msg/detail/header__struct.h: No such file or directory
[1.815s]    94 | #include [01;31m[K"std_msgs/msg/detail/header__struct.h"[m[K
[1.815s]       |          [01;31m[K^~~~~~~~~~~~~~~~~~~~~~~~~~~~~~~~~~~~~~[m[K
[1.815s] compilation terminated.
[1.815s] gmake[2]: *** [CMakeFiles/kindr_msgs__rosidl_generator_c.dir/build.make:105: CMakeFiles/kindr_msgs__rosidl_generator_c.dir/rosidl_generator_c/kindr_msgs/msg/detail/vector_at_position__functions.c.o] Error 1
[1.816s] gmake[1]: *** [CMakeFiles/Makefile2:213: CMakeFiles/kindr_msgs__rosidl_generator_c.dir/all] Error 2
[1.816s] gmake[1]: *** Waiting for unfinished jobs....
[1.994s] [ 22%] [32mBuilding CXX object CMakeFiles/kindr_msgs__rosidl_typesupport_cpp.dir/rosidl_typesupport_cpp/kindr_msgs/msg/vector_at_position__type_support.cpp.o[0m
[2.003s] [ 25%] [32mBuilding CXX object CMakeFiles/kindr_msgs__rosidl_typesupport_introspection_cpp.dir/rosidl_typesupport_introspection_cpp/kindr_msgs/msg/detail/vector_at_position__type_support.cpp.o[0m
[2.011s] [ 29%] [32mBuilding CXX object CMakeFiles/kindr_msgs__rosidl_typesupport_fastrtps_cpp.dir/rosidl_typesupport_fastrtps_cpp/kindr_msgs/msg/detail/dds_fastrtps/vector_at_position__type_support.cpp.o[0m
[2.026s] In file included from [01m[K/home/williamfbx/SLAM/slam_ws/build/kindr_msgs/rosidl_typesupport_cpp/kindr_msgs/msg/vector_at_position__type_support.cpp:7[m[K:
[2.026s] [01m[K/home/williamfbx/SLAM/slam_ws/build/kindr_msgs/rosidl_generator_cpp/kindr_msgs/msg/detail/vector_at_position__struct.hpp:20:10:[m[K [01;31m[Kfatal error: [m[Kstd_msgs/msg/detail/header__struct.hpp: No such file or directory
[2.026s]    20 | #include [01;31m[K"std_msgs/msg/detail/header__struct.hpp"[m[K
[2.026s]       |          [01;31m[K^~~~~~~~~~~~~~~~~~~~~~~~~~~~~~~~~~~~~~~~[m[K
[2.026s] compilation terminated.
[2.028s] gmake[2]: *** [CMakeFiles/kindr_msgs__rosidl_typesupport_cpp.dir/build.make:86: CMakeFiles/kindr_msgs__rosidl_typesupport_cpp.dir/rosidl_typesupport_cpp/kindr_msgs/msg/vector_at_position__type_support.cpp.o] Error 1
[2.028s] gmake[1]: *** [CMakeFiles/Makefile2:395: CMakeFiles/kindr_msgs__rosidl_typesupport_cpp.dir/all] Error 2
[2.042s] In file included from [01m[K/home/williamfbx/SLAM/slam_ws/build/kindr_msgs/rosidl_typesupport_introspection_cpp/kindr_msgs/msg/detail/vector_at_position__type_support.cpp:12[m[K:
[2.043s] [01m[K/home/williamfbx/SLAM/slam_ws/build/kindr_msgs/rosidl_generator_cpp/kindr_msgs/msg/detail/vector_at_position__struct.hpp:20:10:[m[K [01;31m[Kfatal error: [m[Kstd_msgs/msg/detail/header__struct.hpp: No such file or directory
[2.043s]    20 | #include [01;31m[K"std_msgs/msg/detail/header__struct.hpp"[m[K
[2.043s]       |          [01;31m[K^~~~~~~~~~~~~~~~~~~~~~~~~~~~~~~~~~~~~~~~[m[K
[2.043s] compilation terminated.
[2.043s] gmake[2]: *** [CMakeFiles/kindr_msgs__rosidl_typesupport_introspection_cpp.dir/build.make:91: CMakeFiles/kindr_msgs__rosidl_typesupport_introspection_cpp.dir/rosidl_typesupport_introspection_cpp/kindr_msgs/msg/detail/vector_at_position__type_support.cpp.o] Error 1
[2.044s] gmake[1]: *** [CMakeFiles/Makefile2:369: CMakeFiles/kindr_msgs__rosidl_typesupport_introspection_cpp.dir/all] Error 2
[2.047s] In file included from [01m[K/home/williamfbx/SLAM/slam_ws/build/kindr_msgs/rosidl_typesupport_fastrtps_cpp/kindr_msgs/msg/detail/vector_at_position__rosidl_typesupport_fastrtps_cpp.hpp:11[m[K,
[2.047s]                  from [01m[K/home/williamfbx/SLAM/slam_ws/build/kindr_msgs/rosidl_typesupport_fastrtps_cpp/kindr_msgs/msg/detail/dds_fastrtps/vector_at_position__type_support.cpp:4[m[K:
[2.047s] [01m[K/home/williamfbx/SLAM/slam_ws/build/kindr_msgs/rosidl_generator_cpp/kindr_msgs/msg/detail/vector_at_position__struct.hpp:20:10:[m[K [01;31m[Kfatal error: [m[Kstd_msgs/msg/detail/header__struct.hpp: No such file or directory
[2.047s]    20 | #include [01;31m[K"std_msgs/msg/detail/header__struct.hpp"[m[K
[2.047s]       |          [01;31m[K^~~~~~~~~~~~~~~~~~~~~~~~~~~~~~~~~~~~~~~~[m[K
[2.047s] compilation terminated.
[2.048s] gmake[2]: *** [CMakeFiles/kindr_msgs__rosidl_typesupport_fastrtps_cpp.dir/build.make:91: CMakeFiles/kindr_msgs__rosidl_typesupport_fastrtps_cpp.dir/rosidl_typesupport_fastrtps_cpp/kindr_msgs/msg/detail/dds_fastrtps/vector_at_position__type_support.cpp.o] Error 1
[2.048s] gmake[1]: *** [CMakeFiles/Makefile2:343: CMakeFiles/kindr_msgs__rosidl_typesupport_fastrtps_cpp.dir/all] Error 2
[2.048s] gmake: *** [Makefile:146: all] Error 2
[2.050s] Invoked command in '/home/williamfbx/SLAM/slam_ws/build/kindr_msgs' returned '2': CMAKE_PREFIX_PATH=${CMAKE_PREFIX_PATH}:/opt/ros/humble /usr/bin/cmake --build /home/williamfbx/SLAM/slam_ws/build/kindr_msgs -- -j12 -l12
