[0.025s] Invoking command in '/home/williamfbx/SLAM/slam_ws/build/visualization': CMAKE_PREFIX_PATH=${CMAKE_PREFIX_PATH}:/opt/ros/humble /usr/bin/cmake /home/williamfbx/SLAM/slam_ws/src/visualization -DCMAKE_INSTALL_PREFIX=/home/williamfbx/SLAM/slam_ws/install/visualization
[0.083s] -- The C compiler identification is GNU 11.4.0
[0.124s] -- The CXX compiler identification is GNU 11.4.0
[0.128s] -- Detecting C compiler ABI info
[0.185s] -- Detecting C compiler ABI info - done
[0.190s] -- Check for working C compiler: /usr/bin/cc - skipped
[0.190s] -- Detecting C compile features
[0.190s] -- Detecting C compile features - done
[0.192s] -- Detecting CXX compiler ABI info
[0.263s] -- Detecting CXX compiler ABI info - done
[0.273s] -- Check for working CXX compiler: /usr/bin/c++ - skipped
[0.273s] -- Detecting CXX compile features
[0.273s] -- Detecting CXX compile features - done
[0.275s] -- Found ament_cmake: 1.3.11 (/opt/ros/humble/share/ament_cmake/cmake)
[0.398s] -- Found Python3: /usr/bin/python3 (found version "3.10.12") found components: Interpreter 
[0.465s] -- Found rclcpp: 16.0.11 (/opt/ros/humble/share/rclcpp/cmake)
[0.496s] -- Found rosidl_generator_c: 3.1.6 (/opt/ros/humble/share/rosidl_generator_c/cmake)
[0.500s] -- Found rosidl_adapter: 3.1.6 (/opt/ros/humble/share/rosidl_adapter/cmake)
[0.507s] -- Found rosidl_generator_cpp: 3.1.6 (/opt/ros/humble/share/rosidl_generator_cpp/cmake)
[0.515s] -- Using all available rosidl_typesupport_c: rosidl_typesupport_fastrtps_c;rosidl_typesupport_introspection_c
[0.527s] -- Using all available rosidl_typesupport_cpp: rosidl_typesupport_fastrtps_cpp;rosidl_typesupport_introspection_cpp
[0.558s] -- Found rmw_implementation_cmake: 6.1.2 (/opt/ros/humble/share/rmw_implementation_cmake/cmake)
[0.560s] -- Found rmw_fastrtps_cpp: 6.2.7 (/opt/ros/humble/share/rmw_fastrtps_cpp/cmake)
[0.718s] -- Found OpenSSL: /usr/lib/x86_64-linux-gnu/libcrypto.so (found version "3.0.2")  
[0.753s] -- Found FastRTPS: /opt/ros/humble/include  
[0.786s] -- Using RMW implementation 'rmw_fastrtps_cpp' as default
[0.794s] -- Looking for pthread.h
[0.862s] -- Looking for pthread.h - found
[0.862s] -- Performing Test CMAKE_HAVE_LIBC_PTHREAD
[0.989s] -- Performing Test CMAKE_HAVE_LIBC_PTHREAD - Success
[0.990s] -- Found Threads: TRUE  
[1.026s] -- Found ament_lint_auto: 0.12.11 (/opt/ros/humble/share/ament_lint_auto/cmake)
[1.069s] -- Configuring done
[1.074s] -- Generating done
[1.076s] -- Build files have been written to: /home/williamfbx/SLAM/slam_ws/build/visualization
[1.082s] Invoked command in '/home/williamfbx/SLAM/slam_ws/build/visualization' returned '0': CMAKE_PREFIX_PATH=${CMAKE_PREFIX_PATH}:/opt/ros/humble /usr/bin/cmake /home/williamfbx/SLAM/slam_ws/src/visualization -DCMAKE_INSTALL_PREFIX=/home/williamfbx/SLAM/slam_ws/install/visualization
[1.083s] Invoking command in '/home/williamfbx/SLAM/slam_ws/build/visualization': CMAKE_PREFIX_PATH=${CMAKE_PREFIX_PATH}:/opt/ros/humble /usr/bin/cmake --build /home/williamfbx/SLAM/slam_ws/build/visualization -- -j12 -l12
[1.139s] [ 33%] [32mBuilding CXX object CMakeFiles/visualization_node.dir/src/visualization.cpp.o[0m
[1.140s] [ 66%] [32mBuilding CXX object CMakeFiles/visualization_node.dir/src/visualization_node.cpp.o[0m
[1.147s] [01m[K/home/williamfbx/SLAM/slam_ws/src/visualization/src/visualization.cpp:1:10:[m[K [01;31m[Kfatal error: [m[Kvisualization/visualization.hpp: No such file or directory
[1.147s]     1 | #include [01;31m[K"visualization/visualization.hpp"[m[K
[1.147s]       |          [01;31m[K^~~~~~~~~~~~~~~~~~~~~~~~~~~~~~~~~[m[K
[1.147s] compilation terminated.
[1.147s] gmake[2]: *** [CMakeFiles/visualization_node.dir/build.make:76: CMakeFiles/visualization_node.dir/src/visualization.cpp.o] Error 1
[1.147s] gmake[2]: *** Waiting for unfinished jobs....
[1.149s] [01m[K/home/williamfbx/SLAM/slam_ws/src/visualization/src/visualization_node.cpp:1:10:[m[K [01;31m[Kfatal error: [m[Kvisualization/visualization.hpp: No such file or directory
[1.149s]     1 | #include [01;31m[K"visualization/visualization.hpp"[m[K
[1.149s]       |          [01;31m[K^~~~~~~~~~~~~~~~~~~~~~~~~~~~~~~~~[m[K
[1.149s] compilation terminated.
[1.150s] gmake[2]: *** [CMakeFiles/visualization_node.dir/build.make:90: CMakeFiles/visualization_node.dir/src/visualization_node.cpp.o] Error 1
[1.150s] gmake[1]: *** [CMakeFiles/Makefile2:137: CMakeFiles/visualization_node.dir/all] Error 2
[1.150s] gmake: *** [Makefile:146: all] Error 2
[1.153s] Invoked command in '/home/williamfbx/SLAM/slam_ws/build/visualization' returned '2': CMAKE_PREFIX_PATH=${CMAKE_PREFIX_PATH}:/opt/ros/humble /usr/bin/cmake --build /home/williamfbx/SLAM/slam_ws/build/visualization -- -j12 -l12
