[0.015s] Invoking command in '/home/williamfbx/SLAM/slam_ws/build/localization': CMAKE_PREFIX_PATH=${CMAKE_PREFIX_PATH}:/opt/ros/humble /usr/bin/cmake --build /home/williamfbx/SLAM/slam_ws/build/localization -- -j12 -l12
[0.064s] [35m[1mConsolidate compiler generated dependencies of target localization_node[0m
[0.089s] [ 33%] [32mBuilding CXX object CMakeFiles/localization_node.dir/src/localization.cpp.o[0m
[2.248s] [01m[K/home/williamfbx/SLAM/slam_ws/src/localization/src/localization.cpp:[m[K In member function â€˜[01m[Kvoid Localization::processImage(sensor_msgs::msg::Image_<std::allocator<void> >::SharedPtr)[m[Kâ€™:
[2.248s] [01m[K/home/williamfbx/SLAM/slam_ws/src/localization/src/localization.cpp:48:5:[m[K [01;31m[Kerror: [m[Kâ€˜[01m[KEigen[m[Kâ€™ has not been declared
[2.248s]    48 |     [01;31m[KEigen[m[K::Matrix4f T_cam_to_world = Eigen::Matrix4f::Identity();
[2.248s]       |     [01;31m[K^~~~~[m[K
[2.248s] In file included from [01m[K/opt/ros/humble/include/rclcpp/rclcpp/logging.hpp:24[m[K,
[2.248s]                  from [01m[K/opt/ros/humble/include/rclcpp/rclcpp/client.hpp:40[m[K,
[2.248s]                  from [01m[K/opt/ros/humble/include/rclcpp/rclcpp/callback_group.hpp:24[m[K,
[2.248s]                  from [01m[K/opt/ros/humble/include/rclcpp/rclcpp/any_executable.hpp:20[m[K,
[2.248s]                  from [01m[K/opt/ros/humble/include/rclcpp/rclcpp/memory_strategy.hpp:25[m[K,
[2.248s]                  from [01m[K/opt/ros/humble/include/rclcpp/rclcpp/memory_strategies.hpp:18[m[K,
[2.248s]                  from [01m[K/opt/ros/humble/include/rclcpp/rclcpp/executor_options.hpp:20[m[K,
[2.248s]                  from [01m[K/opt/ros/humble/include/rclcpp/rclcpp/executor.hpp:37[m[K,
[2.248s]                  from [01m[K/opt/ros/humble/include/rclcpp/rclcpp/executors/multi_threaded_executor.hpp:25[m[K,
[2.248s]                  from [01m[K/opt/ros/humble/include/rclcpp/rclcpp/executors.hpp:21[m[K,
[2.248s]                  from [01m[K/opt/ros/humble/include/rclcpp/rclcpp/rclcpp.hpp:155[m[K,
[2.249s]                  from [01m[K/home/williamfbx/SLAM/slam_ws/src/localization/include/localization/localization.hpp:4[m[K,
[2.249s]                  from [01m[K/home/williamfbx/SLAM/slam_ws/src/localization/src/localization.cpp:1[m[K:
[2.249s] [01m[K/home/williamfbx/SLAM/slam_ws/src/localization/src/localization.cpp:51:17:[m[K [01;31m[Kerror: [m[Kâ€˜[01m[KEigen[m[Kâ€™ has not been declared
[2.249s]    51 |                 [01;31m[KEigen[m[K::IOFormat(Eigen::StreamPrecision, Eigen::DontAlignCols).str(T_cam_to_world).c_str());
[2.249s]       |                 [01;31m[K^~~~~[m[K
[2.249s] [01m[K/home/williamfbx/SLAM/slam_ws/src/localization/src/localization.cpp:51:33:[m[K [01;31m[Kerror: [m[Kâ€˜[01m[KEigen[m[Kâ€™ has not been declared
[2.249s]    51 |                 Eigen::IOFormat([01;31m[KEigen[m[K::StreamPrecision, Eigen::DontAlignCols).str(T_cam_to_world).c_str());
[2.249s]       |                                 [01;31m[K^~~~~[m[K
[2.249s] [01m[K/home/williamfbx/SLAM/slam_ws/src/localization/src/localization.cpp:51:57:[m[K [01;31m[Kerror: [m[Kâ€˜[01m[KEigen[m[Kâ€™ has not been declared
[2.249s]    51 |                 Eigen::IOFormat(Eigen::StreamPrecision, [01;31m[KEigen[m[K::DontAlignCols).str(T_cam_to_world).c_str());
[2.249s]       |                                                         [01;31m[K^~~~~[m[K
[2.257s] [01m[K/home/williamfbx/SLAM/slam_ws/src/localization/src/localization.cpp:51:83:[m[K [01;31m[Kerror: [m[Kâ€˜[01m[KT_cam_to_world[m[Kâ€™ was not declared in this scope
[2.257s]    51 | :IOFormat(Eigen::StreamPrecision, Eigen::DontAlignCols).str([01;31m[KT_cam_to_world[m[K).c_str());
[2.257s]       |                                                             [01;31m[K^~~~~~~~~~~~~~[m[K
[2.257s] 
[4.130s] gmake[2]: *** [CMakeFiles/localization_node.dir/build.make:76: CMakeFiles/localization_node.dir/src/localization.cpp.o] Error 1
[4.130s] gmake[1]: *** [CMakeFiles/Makefile2:137: CMakeFiles/localization_node.dir/all] Error 2
[4.130s] gmake: *** [Makefile:146: all] Error 2
[4.132s] Invoked command in '/home/williamfbx/SLAM/slam_ws/build/localization' returned '2': CMAKE_PREFIX_PATH=${CMAKE_PREFIX_PATH}:/opt/ros/humble /usr/bin/cmake --build /home/williamfbx/SLAM/slam_ws/build/localization -- -j12 -l12
